<?xml version="1.0" encoding="UTF-8"?>
<testsuite xmlns:xsi="http://www.w3.org/2001/XMLSchema-instance" xsi:noNamespaceSchemaLocation="https://maven.apache.org/surefire/maven-surefire-plugin/xsd/surefire-test-report-3.0.xsd" version="3.0" name="com.example.employeeService.EmployeeServiceApplicationTests" time="7.428" tests="1" errors="0" skipped="0" failures="0">
  <properties>
    <property name="java.specification.version" value="20"/>
    <property name="sun.cpu.isalist" value="amd64"/>
    <property name="sun.jnu.encoding" value="Cp1252"/>
    <property name="java.class.path" value="F:\Internship Task\Staff Sync\employeeService\target\test-classes;F:\Internship Task\Staff Sync\employeeService\target\classes;C:\Users\Lenovo\.m2\repository\org\springframework\boot\spring-boot-starter-data-couchbase-reactive\3.2.5\spring-boot-starter-data-couchbase-reactive-3.2.5.jar;C:\Users\Lenovo\.m2\repository\org\springframework\boot\spring-boot-starter\3.2.5\spring-boot-starter-3.2.5.jar;C:\Users\Lenovo\.m2\repository\org\springframework\boot\spring-boot-starter-logging\3.2.5\spring-boot-starter-logging-3.2.5.jar;C:\Users\Lenovo\.m2\repository\ch\qos\logback\logback-classic\1.4.14\logback-classic-1.4.14.jar;C:\Users\Lenovo\.m2\repository\ch\qos\logback\logback-core\1.4.14\logback-core-1.4.14.jar;C:\Users\Lenovo\.m2\repository\org\apache\logging\log4j\log4j-to-slf4j\2.21.1\log4j-to-slf4j-2.21.1.jar;C:\Users\Lenovo\.m2\repository\org\apache\logging\log4j\log4j-api\2.21.1\log4j-api-2.21.1.jar;C:\Users\Lenovo\.m2\repository\org\slf4j\jul-to-slf4j\2.0.13\jul-to-slf4j-2.0.13.jar;C:\Users\Lenovo\.m2\repository\jakarta\annotation\jakarta.annotation-api\2.1.1\jakarta.annotation-api-2.1.1.jar;C:\Users\Lenovo\.m2\repository\org\yaml\snakeyaml\2.2\snakeyaml-2.2.jar;C:\Users\Lenovo\.m2\repository\io\projectreactor\reactor-core\3.6.5\reactor-core-3.6.5.jar;C:\Users\Lenovo\.m2\repository\org\reactivestreams\reactive-streams\1.0.4\reactive-streams-1.0.4.jar;C:\Users\Lenovo\.m2\repository\org\springframework\data\spring-data-couchbase\5.2.5\spring-data-couchbase-5.2.5.jar;C:\Users\Lenovo\.m2\repository\com\querydsl\querydsl-apt\5.0.0\querydsl-apt-5.0.0-jakarta.jar;C:\Users\Lenovo\.m2\repository\com\querydsl\querydsl-codegen\5.0.0\querydsl-codegen-5.0.0.jar;C:\Users\Lenovo\.m2\repository\com\querydsl\querydsl-core\5.0.0\querydsl-core-5.0.0.jar;C:\Users\Lenovo\.m2\repository\com\mysema\commons\mysema-commons-lang\0.2.4\mysema-commons-lang-0.2.4.jar;C:\Users\Lenovo\.m2\repository\com\querydsl\codegen-utils\5.0.0\codegen-utils-5.0.0.jar;C:\Users\Lenovo\.m2\repository\org\eclipse\jdt\ecj\3.26.0\ecj-3.26.0.jar;C:\Users\Lenovo\.m2\repository\io\github\classgraph\classgraph\4.8.108\classgraph-4.8.108.jar;C:\Users\Lenovo\.m2\repository\org\springframework\spring-context-support\6.1.6\spring-context-support-6.1.6.jar;C:\Users\Lenovo\.m2\repository\com\couchbase\client\java-client\3.4.11\java-client-3.4.11.jar;C:\Users\Lenovo\.m2\repository\com\couchbase\client\core-io\2.4.11\core-io-2.4.11.jar;C:\Users\Lenovo\.m2\repository\com\fasterxml\jackson\core\jackson-databind\2.15.4\jackson-databind-2.15.4.jar;C:\Users\Lenovo\.m2\repository\com\fasterxml\jackson\core\jackson-annotations\2.15.4\jackson-annotations-2.15.4.jar;C:\Users\Lenovo\.m2\repository\com\fasterxml\jackson\core\jackson-core\2.15.4\jackson-core-2.15.4.jar;C:\Users\Lenovo\.m2\repository\org\springframework\boot\spring-boot-starter-data-mongodb\3.2.5\spring-boot-starter-data-mongodb-3.2.5.jar;C:\Users\Lenovo\.m2\repository\org\springframework\boot\spring-boot-devtools\3.2.5\spring-boot-devtools-3.2.5.jar;C:\Users\Lenovo\.m2\repository\org\springframework\boot\spring-boot\3.2.5\spring-boot-3.2.5.jar;C:\Users\Lenovo\.m2\repository\org\springframework\boot\spring-boot-autoconfigure\3.2.5\spring-boot-autoconfigure-3.2.5.jar;C:\Users\Lenovo\.m2\repository\org\springframework\boot\spring-boot-starter-web\3.2.5\spring-boot-starter-web-3.2.5.jar;C:\Users\Lenovo\.m2\repository\org\springframework\boot\spring-boot-starter-json\3.2.5\spring-boot-starter-json-3.2.5.jar;C:\Users\Lenovo\.m2\repository\com\fasterxml\jackson\datatype\jackson-datatype-jdk8\2.15.4\jackson-datatype-jdk8-2.15.4.jar;C:\Users\Lenovo\.m2\repository\com\fasterxml\jackson\datatype\jackson-datatype-jsr310\2.15.4\jackson-datatype-jsr310-2.15.4.jar;C:\Users\Lenovo\.m2\repository\com\fasterxml\jackson\module\jackson-module-parameter-names\2.15.4\jackson-module-parameter-names-2.15.4.jar;C:\Users\Lenovo\.m2\repository\org\springframework\boot\spring-boot-starter-tomcat\3.2.5\spring-boot-starter-tomcat-3.2.5.jar;C:\Users\Lenovo\.m2\repository\org\apache\tomcat\embed\tomcat-embed-core\10.1.20\tomcat-embed-core-10.1.20.jar;C:\Users\Lenovo\.m2\repository\org\apache\tomcat\embed\tomcat-embed-el\10.1.20\tomcat-embed-el-10.1.20.jar;C:\Users\Lenovo\.m2\repository\org\apache\tomcat\embed\tomcat-embed-websocket\10.1.20\tomcat-embed-websocket-10.1.20.jar;C:\Users\Lenovo\.m2\repository\org\springframework\spring-web\6.1.6\spring-web-6.1.6.jar;C:\Users\Lenovo\.m2\repository\io\micrometer\micrometer-observation\1.12.5\micrometer-observation-1.12.5.jar;C:\Users\Lenovo\.m2\repository\io\micrometer\micrometer-commons\1.12.5\micrometer-commons-1.12.5.jar;C:\Users\Lenovo\.m2\repository\org\springframework\spring-webmvc\6.1.6\spring-webmvc-6.1.6.jar;C:\Users\Lenovo\.m2\repository\org\springframework\spring-aop\6.1.6\spring-aop-6.1.6.jar;C:\Users\Lenovo\.m2\repository\org\springframework\data\spring-data-mongodb\4.2.5\spring-data-mongodb-4.2.5.jar;C:\Users\Lenovo\.m2\repository\org\springframework\spring-tx\6.1.6\spring-tx-6.1.6.jar;C:\Users\Lenovo\.m2\repository\org\springframework\spring-context\6.1.6\spring-context-6.1.6.jar;C:\Users\Lenovo\.m2\repository\org\springframework\spring-beans\6.1.6\spring-beans-6.1.6.jar;C:\Users\Lenovo\.m2\repository\org\springframework\spring-core\6.1.6\spring-core-6.1.6.jar;C:\Users\Lenovo\.m2\repository\org\springframework\spring-jcl\6.1.6\spring-jcl-6.1.6.jar;C:\Users\Lenovo\.m2\repository\org\springframework\spring-expression\6.1.6\spring-expression-6.1.6.jar;C:\Users\Lenovo\.m2\repository\org\springframework\data\spring-data-commons\3.2.5\spring-data-commons-3.2.5.jar;C:\Users\Lenovo\.m2\repository\org\mongodb\mongodb-driver-core\4.11.2\mongodb-driver-core-4.11.2.jar;C:\Users\Lenovo\.m2\repository\org\mongodb\bson-record-codec\4.11.2\bson-record-codec-4.11.2.jar;C:\Users\Lenovo\.m2\repository\org\slf4j\slf4j-api\2.0.13\slf4j-api-2.0.13.jar;C:\Users\Lenovo\.m2\repository\org\springframework\boot\spring-boot-starter-webflux\3.2.5\spring-boot-starter-webflux-3.2.5.jar;C:\Users\Lenovo\.m2\repository\org\springframework\boot\spring-boot-starter-reactor-netty\3.2.5\spring-boot-starter-reactor-netty-3.2.5.jar;C:\Users\Lenovo\.m2\repository\io\projectreactor\netty\reactor-netty-http\1.1.18\reactor-netty-http-1.1.18.jar;C:\Users\Lenovo\.m2\repository\io\netty\netty-codec-http\4.1.109.Final\netty-codec-http-4.1.109.Final.jar;C:\Users\Lenovo\.m2\repository\io\netty\netty-common\4.1.109.Final\netty-common-4.1.109.Final.jar;C:\Users\Lenovo\.m2\repository\io\netty\netty-buffer\4.1.109.Final\netty-buffer-4.1.109.Final.jar;C:\Users\Lenovo\.m2\repository\io\netty\netty-transport\4.1.109.Final\netty-transport-4.1.109.Final.jar;C:\Users\Lenovo\.m2\repository\io\netty\netty-codec\4.1.109.Final\netty-codec-4.1.109.Final.jar;C:\Users\Lenovo\.m2\repository\io\netty\netty-handler\4.1.109.Final\netty-handler-4.1.109.Final.jar;C:\Users\Lenovo\.m2\repository\io\netty\netty-codec-http2\4.1.109.Final\netty-codec-http2-4.1.109.Final.jar;C:\Users\Lenovo\.m2\repository\io\netty\netty-resolver-dns\4.1.109.Final\netty-resolver-dns-4.1.109.Final.jar;C:\Users\Lenovo\.m2\repository\io\netty\netty-resolver\4.1.109.Final\netty-resolver-4.1.109.Final.jar;C:\Users\Lenovo\.m2\repository\io\netty\netty-codec-dns\4.1.109.Final\netty-codec-dns-4.1.109.Final.jar;C:\Users\Lenovo\.m2\repository\io\netty\netty-resolver-dns-native-macos\4.1.109.Final\netty-resolver-dns-native-macos-4.1.109.Final-osx-x86_64.jar;C:\Users\Lenovo\.m2\repository\io\netty\netty-resolver-dns-classes-macos\4.1.109.Final\netty-resolver-dns-classes-macos-4.1.109.Final.jar;C:\Users\Lenovo\.m2\repository\io\netty\netty-transport-native-epoll\4.1.109.Final\netty-transport-native-epoll-4.1.109.Final-linux-x86_64.jar;C:\Users\Lenovo\.m2\repository\io\netty\netty-transport-native-unix-common\4.1.109.Final\netty-transport-native-unix-common-4.1.109.Final.jar;C:\Users\Lenovo\.m2\repository\io\netty\netty-transport-classes-epoll\4.1.109.Final\netty-transport-classes-epoll-4.1.109.Final.jar;C:\Users\Lenovo\.m2\repository\io\projectreactor\netty\reactor-netty-core\1.1.18\reactor-netty-core-1.1.18.jar;C:\Users\Lenovo\.m2\repository\io\netty\netty-handler-proxy\4.1.109.Final\netty-handler-proxy-4.1.109.Final.jar;C:\Users\Lenovo\.m2\repository\io\netty\netty-codec-socks\4.1.109.Final\netty-codec-socks-4.1.109.Final.jar;C:\Users\Lenovo\.m2\repository\org\springframework\spring-webflux\6.1.6\spring-webflux-6.1.6.jar;C:\Users\Lenovo\.m2\repository\org\projectlombok\lombok\1.18.32\lombok-1.18.32.jar;C:\Users\Lenovo\.m2\repository\org\springframework\boot\spring-boot-starter-test\3.2.5\spring-boot-starter-test-3.2.5.jar;C:\Users\Lenovo\.m2\repository\org\springframework\boot\spring-boot-test\3.2.5\spring-boot-test-3.2.5.jar;C:\Users\Lenovo\.m2\repository\org\springframework\boot\spring-boot-test-autoconfigure\3.2.5\spring-boot-test-autoconfigure-3.2.5.jar;C:\Users\Lenovo\.m2\repository\com\jayway\jsonpath\json-path\2.9.0\json-path-2.9.0.jar;C:\Users\Lenovo\.m2\repository\jakarta\xml\bind\jakarta.xml.bind-api\4.0.2\jakarta.xml.bind-api-4.0.2.jar;C:\Users\Lenovo\.m2\repository\jakarta\activation\jakarta.activation-api\2.1.3\jakarta.activation-api-2.1.3.jar;C:\Users\Lenovo\.m2\repository\net\minidev\json-smart\2.5.1\json-smart-2.5.1.jar;C:\Users\Lenovo\.m2\repository\net\minidev\accessors-smart\2.5.1\accessors-smart-2.5.1.jar;C:\Users\Lenovo\.m2\repository\org\ow2\asm\asm\9.6\asm-9.6.jar;C:\Users\Lenovo\.m2\repository\org\assertj\assertj-core\3.24.2\assertj-core-3.24.2.jar;C:\Users\Lenovo\.m2\repository\net\bytebuddy\byte-buddy\1.14.13\byte-buddy-1.14.13.jar;C:\Users\Lenovo\.m2\repository\org\awaitility\awaitility\4.2.1\awaitility-4.2.1.jar;C:\Users\Lenovo\.m2\repository\org\hamcrest\hamcrest\2.2\hamcrest-2.2.jar;C:\Users\Lenovo\.m2\repository\org\junit\jupiter\junit-jupiter\5.10.2\junit-jupiter-5.10.2.jar;C:\Users\Lenovo\.m2\repository\org\junit\jupiter\junit-jupiter-api\5.10.2\junit-jupiter-api-5.10.2.jar;C:\Users\Lenovo\.m2\repository\org\opentest4j\opentest4j\1.3.0\opentest4j-1.3.0.jar;C:\Users\Lenovo\.m2\repository\org\junit\platform\junit-platform-commons\1.10.2\junit-platform-commons-1.10.2.jar;C:\Users\Lenovo\.m2\repository\org\apiguardian\apiguardian-api\1.1.2\apiguardian-api-1.1.2.jar;C:\Users\Lenovo\.m2\repository\org\junit\jupiter\junit-jupiter-params\5.10.2\junit-jupiter-params-5.10.2.jar;C:\Users\Lenovo\.m2\repository\org\junit\jupiter\junit-jupiter-engine\5.10.2\junit-jupiter-engine-5.10.2.jar;C:\Users\Lenovo\.m2\repository\org\junit\platform\junit-platform-engine\1.10.2\junit-platform-engine-1.10.2.jar;C:\Users\Lenovo\.m2\repository\org\mockito\mockito-core\5.7.0\mockito-core-5.7.0.jar;C:\Users\Lenovo\.m2\repository\net\bytebuddy\byte-buddy-agent\1.14.13\byte-buddy-agent-1.14.13.jar;C:\Users\Lenovo\.m2\repository\org\objenesis\objenesis\3.3\objenesis-3.3.jar;C:\Users\Lenovo\.m2\repository\org\mockito\mockito-junit-jupiter\5.7.0\mockito-junit-jupiter-5.7.0.jar;C:\Users\Lenovo\.m2\repository\org\skyscreamer\jsonassert\1.5.1\jsonassert-1.5.1.jar;C:\Users\Lenovo\.m2\repository\com\vaadin\external\google\android-json\0.0.20131108.vaadin1\android-json-0.0.20131108.vaadin1.jar;C:\Users\Lenovo\.m2\repository\org\springframework\spring-test\6.1.6\spring-test-6.1.6.jar;C:\Users\Lenovo\.m2\repository\org\xmlunit\xmlunit-core\2.9.1\xmlunit-core-2.9.1.jar;C:\Users\Lenovo\.m2\repository\io\projectreactor\reactor-test\3.6.5\reactor-test-3.6.5.jar;C:\Users\Lenovo\.m2\repository\org\mongodb\mongodb-driver-sync\4.11.1\mongodb-driver-sync-4.11.1.jar;C:\Users\Lenovo\.m2\repository\org\mongodb\bson\4.11.2\bson-4.11.2.jar;"/>
    <property name="java.vm.vendor" value="Oracle Corporation"/>
    <property name="sun.arch.data.model" value="64"/>
    <property name="user.variant" value=""/>
    <property name="java.vendor.url" value="https://java.oracle.com/"/>
    <property name="user.timezone" value="Asia/Calcutta"/>
    <property name="os.name" value="Windows 10"/>
    <property name="java.vm.specification.version" value="20"/>
    <property name="sun.java.launcher" value="SUN_STANDARD"/>
    <property name="user.country" value="IN"/>
    <property name="sun.boot.library.path" value="C:\Users\Lenovo\.jdks\openjdk-20.0.2\bin"/>
    <property name="sun.java.command" value="C:\Users\Lenovo\AppData\Local\Temp\surefire17031857929612557823\surefirebooter-20241225120345458_3.jar C:\Users\Lenovo\AppData\Local\Temp\surefire17031857929612557823 2024-12-25T12-03-40_464-jvmRun1 surefire-20241225120345458_1tmp surefire_0-20241225120345458_2tmp"/>
    <property name="jdk.debug" value="release"/>
    <property name="surefire.test.class.path" value="F:\Internship Task\Staff Sync\employeeService\target\test-classes;F:\Internship Task\Staff Sync\employeeService\target\classes;C:\Users\Lenovo\.m2\repository\org\springframework\boot\spring-boot-starter-data-couchbase-reactive\3.2.5\spring-boot-starter-data-couchbase-reactive-3.2.5.jar;C:\Users\Lenovo\.m2\repository\org\springframework\boot\spring-boot-starter\3.2.5\spring-boot-starter-3.2.5.jar;C:\Users\Lenovo\.m2\repository\org\springframework\boot\spring-boot-starter-logging\3.2.5\spring-boot-starter-logging-3.2.5.jar;C:\Users\Lenovo\.m2\repository\ch\qos\logback\logback-classic\1.4.14\logback-classic-1.4.14.jar;C:\Users\Lenovo\.m2\repository\ch\qos\logback\logback-core\1.4.14\logback-core-1.4.14.jar;C:\Users\Lenovo\.m2\repository\org\apache\logging\log4j\log4j-to-slf4j\2.21.1\log4j-to-slf4j-2.21.1.jar;C:\Users\Lenovo\.m2\repository\org\apache\logging\log4j\log4j-api\2.21.1\log4j-api-2.21.1.jar;C:\Users\Lenovo\.m2\repository\org\slf4j\jul-to-slf4j\2.0.13\jul-to-slf4j-2.0.13.jar;C:\Users\Lenovo\.m2\repository\jakarta\annotation\jakarta.annotation-api\2.1.1\jakarta.annotation-api-2.1.1.jar;C:\Users\Lenovo\.m2\repository\org\yaml\snakeyaml\2.2\snakeyaml-2.2.jar;C:\Users\Lenovo\.m2\repository\io\projectreactor\reactor-core\3.6.5\reactor-core-3.6.5.jar;C:\Users\Lenovo\.m2\repository\org\reactivestreams\reactive-streams\1.0.4\reactive-streams-1.0.4.jar;C:\Users\Lenovo\.m2\repository\org\springframework\data\spring-data-couchbase\5.2.5\spring-data-couchbase-5.2.5.jar;C:\Users\Lenovo\.m2\repository\com\querydsl\querydsl-apt\5.0.0\querydsl-apt-5.0.0-jakarta.jar;C:\Users\Lenovo\.m2\repository\com\querydsl\querydsl-codegen\5.0.0\querydsl-codegen-5.0.0.jar;C:\Users\Lenovo\.m2\repository\com\querydsl\querydsl-core\5.0.0\querydsl-core-5.0.0.jar;C:\Users\Lenovo\.m2\repository\com\mysema\commons\mysema-commons-lang\0.2.4\mysema-commons-lang-0.2.4.jar;C:\Users\Lenovo\.m2\repository\com\querydsl\codegen-utils\5.0.0\codegen-utils-5.0.0.jar;C:\Users\Lenovo\.m2\repository\org\eclipse\jdt\ecj\3.26.0\ecj-3.26.0.jar;C:\Users\Lenovo\.m2\repository\io\github\classgraph\classgraph\4.8.108\classgraph-4.8.108.jar;C:\Users\Lenovo\.m2\repository\org\springframework\spring-context-support\6.1.6\spring-context-support-6.1.6.jar;C:\Users\Lenovo\.m2\repository\com\couchbase\client\java-client\3.4.11\java-client-3.4.11.jar;C:\Users\Lenovo\.m2\repository\com\couchbase\client\core-io\2.4.11\core-io-2.4.11.jar;C:\Users\Lenovo\.m2\repository\com\fasterxml\jackson\core\jackson-databind\2.15.4\jackson-databind-2.15.4.jar;C:\Users\Lenovo\.m2\repository\com\fasterxml\jackson\core\jackson-annotations\2.15.4\jackson-annotations-2.15.4.jar;C:\Users\Lenovo\.m2\repository\com\fasterxml\jackson\core\jackson-core\2.15.4\jackson-core-2.15.4.jar;C:\Users\Lenovo\.m2\repository\org\springframework\boot\spring-boot-starter-data-mongodb\3.2.5\spring-boot-starter-data-mongodb-3.2.5.jar;C:\Users\Lenovo\.m2\repository\org\springframework\boot\spring-boot-devtools\3.2.5\spring-boot-devtools-3.2.5.jar;C:\Users\Lenovo\.m2\repository\org\springframework\boot\spring-boot\3.2.5\spring-boot-3.2.5.jar;C:\Users\Lenovo\.m2\repository\org\springframework\boot\spring-boot-autoconfigure\3.2.5\spring-boot-autoconfigure-3.2.5.jar;C:\Users\Lenovo\.m2\repository\org\springframework\boot\spring-boot-starter-web\3.2.5\spring-boot-starter-web-3.2.5.jar;C:\Users\Lenovo\.m2\repository\org\springframework\boot\spring-boot-starter-json\3.2.5\spring-boot-starter-json-3.2.5.jar;C:\Users\Lenovo\.m2\repository\com\fasterxml\jackson\datatype\jackson-datatype-jdk8\2.15.4\jackson-datatype-jdk8-2.15.4.jar;C:\Users\Lenovo\.m2\repository\com\fasterxml\jackson\datatype\jackson-datatype-jsr310\2.15.4\jackson-datatype-jsr310-2.15.4.jar;C:\Users\Lenovo\.m2\repository\com\fasterxml\jackson\module\jackson-module-parameter-names\2.15.4\jackson-module-parameter-names-2.15.4.jar;C:\Users\Lenovo\.m2\repository\org\springframework\boot\spring-boot-starter-tomcat\3.2.5\spring-boot-starter-tomcat-3.2.5.jar;C:\Users\Lenovo\.m2\repository\org\apache\tomcat\embed\tomcat-embed-core\10.1.20\tomcat-embed-core-10.1.20.jar;C:\Users\Lenovo\.m2\repository\org\apache\tomcat\embed\tomcat-embed-el\10.1.20\tomcat-embed-el-10.1.20.jar;C:\Users\Lenovo\.m2\repository\org\apache\tomcat\embed\tomcat-embed-websocket\10.1.20\tomcat-embed-websocket-10.1.20.jar;C:\Users\Lenovo\.m2\repository\org\springframework\spring-web\6.1.6\spring-web-6.1.6.jar;C:\Users\Lenovo\.m2\repository\io\micrometer\micrometer-observation\1.12.5\micrometer-observation-1.12.5.jar;C:\Users\Lenovo\.m2\repository\io\micrometer\micrometer-commons\1.12.5\micrometer-commons-1.12.5.jar;C:\Users\Lenovo\.m2\repository\org\springframework\spring-webmvc\6.1.6\spring-webmvc-6.1.6.jar;C:\Users\Lenovo\.m2\repository\org\springframework\spring-aop\6.1.6\spring-aop-6.1.6.jar;C:\Users\Lenovo\.m2\repository\org\springframework\data\spring-data-mongodb\4.2.5\spring-data-mongodb-4.2.5.jar;C:\Users\Lenovo\.m2\repository\org\springframework\spring-tx\6.1.6\spring-tx-6.1.6.jar;C:\Users\Lenovo\.m2\repository\org\springframework\spring-context\6.1.6\spring-context-6.1.6.jar;C:\Users\Lenovo\.m2\repository\org\springframework\spring-beans\6.1.6\spring-beans-6.1.6.jar;C:\Users\Lenovo\.m2\repository\org\springframework\spring-core\6.1.6\spring-core-6.1.6.jar;C:\Users\Lenovo\.m2\repository\org\springframework\spring-jcl\6.1.6\spring-jcl-6.1.6.jar;C:\Users\Lenovo\.m2\repository\org\springframework\spring-expression\6.1.6\spring-expression-6.1.6.jar;C:\Users\Lenovo\.m2\repository\org\springframework\data\spring-data-commons\3.2.5\spring-data-commons-3.2.5.jar;C:\Users\Lenovo\.m2\repository\org\mongodb\mongodb-driver-core\4.11.2\mongodb-driver-core-4.11.2.jar;C:\Users\Lenovo\.m2\repository\org\mongodb\bson-record-codec\4.11.2\bson-record-codec-4.11.2.jar;C:\Users\Lenovo\.m2\repository\org\slf4j\slf4j-api\2.0.13\slf4j-api-2.0.13.jar;C:\Users\Lenovo\.m2\repository\org\springframework\boot\spring-boot-starter-webflux\3.2.5\spring-boot-starter-webflux-3.2.5.jar;C:\Users\Lenovo\.m2\repository\org\springframework\boot\spring-boot-starter-reactor-netty\3.2.5\spring-boot-starter-reactor-netty-3.2.5.jar;C:\Users\Lenovo\.m2\repository\io\projectreactor\netty\reactor-netty-http\1.1.18\reactor-netty-http-1.1.18.jar;C:\Users\Lenovo\.m2\repository\io\netty\netty-codec-http\4.1.109.Final\netty-codec-http-4.1.109.Final.jar;C:\Users\Lenovo\.m2\repository\io\netty\netty-common\4.1.109.Final\netty-common-4.1.109.Final.jar;C:\Users\Lenovo\.m2\repository\io\netty\netty-buffer\4.1.109.Final\netty-buffer-4.1.109.Final.jar;C:\Users\Lenovo\.m2\repository\io\netty\netty-transport\4.1.109.Final\netty-transport-4.1.109.Final.jar;C:\Users\Lenovo\.m2\repository\io\netty\netty-codec\4.1.109.Final\netty-codec-4.1.109.Final.jar;C:\Users\Lenovo\.m2\repository\io\netty\netty-handler\4.1.109.Final\netty-handler-4.1.109.Final.jar;C:\Users\Lenovo\.m2\repository\io\netty\netty-codec-http2\4.1.109.Final\netty-codec-http2-4.1.109.Final.jar;C:\Users\Lenovo\.m2\repository\io\netty\netty-resolver-dns\4.1.109.Final\netty-resolver-dns-4.1.109.Final.jar;C:\Users\Lenovo\.m2\repository\io\netty\netty-resolver\4.1.109.Final\netty-resolver-4.1.109.Final.jar;C:\Users\Lenovo\.m2\repository\io\netty\netty-codec-dns\4.1.109.Final\netty-codec-dns-4.1.109.Final.jar;C:\Users\Lenovo\.m2\repository\io\netty\netty-resolver-dns-native-macos\4.1.109.Final\netty-resolver-dns-native-macos-4.1.109.Final-osx-x86_64.jar;C:\Users\Lenovo\.m2\repository\io\netty\netty-resolver-dns-classes-macos\4.1.109.Final\netty-resolver-dns-classes-macos-4.1.109.Final.jar;C:\Users\Lenovo\.m2\repository\io\netty\netty-transport-native-epoll\4.1.109.Final\netty-transport-native-epoll-4.1.109.Final-linux-x86_64.jar;C:\Users\Lenovo\.m2\repository\io\netty\netty-transport-native-unix-common\4.1.109.Final\netty-transport-native-unix-common-4.1.109.Final.jar;C:\Users\Lenovo\.m2\repository\io\netty\netty-transport-classes-epoll\4.1.109.Final\netty-transport-classes-epoll-4.1.109.Final.jar;C:\Users\Lenovo\.m2\repository\io\projectreactor\netty\reactor-netty-core\1.1.18\reactor-netty-core-1.1.18.jar;C:\Users\Lenovo\.m2\repository\io\netty\netty-handler-proxy\4.1.109.Final\netty-handler-proxy-4.1.109.Final.jar;C:\Users\Lenovo\.m2\repository\io\netty\netty-codec-socks\4.1.109.Final\netty-codec-socks-4.1.109.Final.jar;C:\Users\Lenovo\.m2\repository\org\springframework\spring-webflux\6.1.6\spring-webflux-6.1.6.jar;C:\Users\Lenovo\.m2\repository\org\projectlombok\lombok\1.18.32\lombok-1.18.32.jar;C:\Users\Lenovo\.m2\repository\org\springframework\boot\spring-boot-starter-test\3.2.5\spring-boot-starter-test-3.2.5.jar;C:\Users\Lenovo\.m2\repository\org\springframework\boot\spring-boot-test\3.2.5\spring-boot-test-3.2.5.jar;C:\Users\Lenovo\.m2\repository\org\springframework\boot\spring-boot-test-autoconfigure\3.2.5\spring-boot-test-autoconfigure-3.2.5.jar;C:\Users\Lenovo\.m2\repository\com\jayway\jsonpath\json-path\2.9.0\json-path-2.9.0.jar;C:\Users\Lenovo\.m2\repository\jakarta\xml\bind\jakarta.xml.bind-api\4.0.2\jakarta.xml.bind-api-4.0.2.jar;C:\Users\Lenovo\.m2\repository\jakarta\activation\jakarta.activation-api\2.1.3\jakarta.activation-api-2.1.3.jar;C:\Users\Lenovo\.m2\repository\net\minidev\json-smart\2.5.1\json-smart-2.5.1.jar;C:\Users\Lenovo\.m2\repository\net\minidev\accessors-smart\2.5.1\accessors-smart-2.5.1.jar;C:\Users\Lenovo\.m2\repository\org\ow2\asm\asm\9.6\asm-9.6.jar;C:\Users\Lenovo\.m2\repository\org\assertj\assertj-core\3.24.2\assertj-core-3.24.2.jar;C:\Users\Lenovo\.m2\repository\net\bytebuddy\byte-buddy\1.14.13\byte-buddy-1.14.13.jar;C:\Users\Lenovo\.m2\repository\org\awaitility\awaitility\4.2.1\awaitility-4.2.1.jar;C:\Users\Lenovo\.m2\repository\org\hamcrest\hamcrest\2.2\hamcrest-2.2.jar;C:\Users\Lenovo\.m2\repository\org\junit\jupiter\junit-jupiter\5.10.2\junit-jupiter-5.10.2.jar;C:\Users\Lenovo\.m2\repository\org\junit\jupiter\junit-jupiter-api\5.10.2\junit-jupiter-api-5.10.2.jar;C:\Users\Lenovo\.m2\repository\org\opentest4j\opentest4j\1.3.0\opentest4j-1.3.0.jar;C:\Users\Lenovo\.m2\repository\org\junit\platform\junit-platform-commons\1.10.2\junit-platform-commons-1.10.2.jar;C:\Users\Lenovo\.m2\repository\org\apiguardian\apiguardian-api\1.1.2\apiguardian-api-1.1.2.jar;C:\Users\Lenovo\.m2\repository\org\junit\jupiter\junit-jupiter-params\5.10.2\junit-jupiter-params-5.10.2.jar;C:\Users\Lenovo\.m2\repository\org\junit\jupiter\junit-jupiter-engine\5.10.2\junit-jupiter-engine-5.10.2.jar;C:\Users\Lenovo\.m2\repository\org\junit\platform\junit-platform-engine\1.10.2\junit-platform-engine-1.10.2.jar;C:\Users\Lenovo\.m2\repository\org\mockito\mockito-core\5.7.0\mockito-core-5.7.0.jar;C:\Users\Lenovo\.m2\repository\net\bytebuddy\byte-buddy-agent\1.14.13\byte-buddy-agent-1.14.13.jar;C:\Users\Lenovo\.m2\repository\org\objenesis\objenesis\3.3\objenesis-3.3.jar;C:\Users\Lenovo\.m2\repository\org\mockito\mockito-junit-jupiter\5.7.0\mockito-junit-jupiter-5.7.0.jar;C:\Users\Lenovo\.m2\repository\org\skyscreamer\jsonassert\1.5.1\jsonassert-1.5.1.jar;C:\Users\Lenovo\.m2\repository\com\vaadin\external\google\android-json\0.0.20131108.vaadin1\android-json-0.0.20131108.vaadin1.jar;C:\Users\Lenovo\.m2\repository\org\springframework\spring-test\6.1.6\spring-test-6.1.6.jar;C:\Users\Lenovo\.m2\repository\org\xmlunit\xmlunit-core\2.9.1\xmlunit-core-2.9.1.jar;C:\Users\Lenovo\.m2\repository\io\projectreactor\reactor-test\3.6.5\reactor-test-3.6.5.jar;C:\Users\Lenovo\.m2\repository\org\mongodb\mongodb-driver-sync\4.11.1\mongodb-driver-sync-4.11.1.jar;C:\Users\Lenovo\.m2\repository\org\mongodb\bson\4.11.2\bson-4.11.2.jar;"/>
    <property name="sun.cpu.endian" value="little"/>
    <property name="user.home" value="C:\Users\Lenovo"/>
    <property name="user.language" value="en"/>
    <property name="java.specification.vendor" value="Oracle Corporation"/>
    <property name="java.version.date" value="2023-07-18"/>
    <property name="java.home" value="C:\Users\Lenovo\.jdks\openjdk-20.0.2"/>
    <property name="file.separator" value="\"/>
    <property name="basedir" value="F:\Internship Task\Staff Sync\employeeService"/>
    <property name="java.vm.compressedOopsMode" value="32-bit"/>
    <property name="line.separator" value="&#10;"/>
    <property name="java.vm.specification.vendor" value="Oracle Corporation"/>
    <property name="java.specification.name" value="Java Platform API Specification"/>
    <property name="FILE_LOG_CHARSET" value="UTF-8"/>
    <property name="java.awt.headless" value="true"/>
    <property name="surefire.real.class.path" value="C:\Users\Lenovo\AppData\Local\Temp\surefire17031857929612557823\surefirebooter-20241225120345458_3.jar"/>
    <property name="user.script" value=""/>
    <property name="sun.management.compiler" value="HotSpot 64-Bit Tiered Compilers"/>
    <property name="java.runtime.version" value="20.0.2+9-78"/>
    <property name="user.name" value="Lenovo"/>
    <property name="stdout.encoding" value="Cp1252"/>
    <property name="path.separator" value=";"/>
    <property name="os.version" value="10.0"/>
    <property name="java.runtime.name" value="OpenJDK Runtime Environment"/>
    <property name="file.encoding" value="UTF-8"/>
    <property name="java.vm.name" value="OpenJDK 64-Bit Server VM"/>
    <property name="localRepository" value="C:\Users\Lenovo\.m2\repository"/>
    <property name="java.vendor.url.bug" value="https://bugreport.java.com/bugreport/"/>
    <property name="java.io.tmpdir" value="C:\Users\Lenovo\AppData\Local\Temp\"/>
    <property name="idea.version" value="2024.3.1"/>
    <property name="java.version" value="20.0.2"/>
    <property name="user.dir" value="F:\Internship Task\Staff Sync\employeeService"/>
    <property name="os.arch" value="amd64"/>
    <property name="java.vm.specification.name" value="Java Virtual Machine Specification"/>
    <property name="PID" value="14420"/>
    <property name="sun.os.patch.level" value=""/>
    <property name="CONSOLE_LOG_CHARSET" value="UTF-8"/>
    <property name="native.encoding" value="Cp1252"/>
    <property name="java.library.path" value="C:\Users\Lenovo\.jdks\openjdk-20.0.2\bin;C:\Windows\Sun\Java\bin;C:\Windows\system32;C:\Windows;C:\Program Files\Common Files\Oracle\Java\javapath;C:\Windows\system32;C:\Windows;C:\Windows\System32\Wbem;C:\Windows\System32\WindowsPowerShell\v1.0\;C:\Windows\System32\OpenSSH\;C:\Program Files\Git\cmd;D:\php-8.2.4-Win32-vs16-x64;C:\Program Files\Docker\Docker\resources\bin;C:\Users\Lenovo\AppData\Roaming\nvm;C:\Program Files\nodejs;C:\Program Files\flutter\bin;;C:\Program Files\Dart\dart-sdk\bin;C:\flutter;C:\Users\Lenovo\AppData\Local\Microsoft\WindowsApps;C:\Users\Lenovo\AppData\Local\Programs\Microsoft VS Code\bin;C:\Users\Lenovo\AppData\Local\Programs\Python\Python310;C:\MinGW\bin;C:\Program Files\heroku\bin;D:\mongosh-1.8.0-win32-x64\mongosh-1.8.0-win32-x64\bin;C:\Users\Lenovo\AppData\Local\Android\Sdk\platform-tools;C:\Program Files\Java\jdk-17\bin;C:\Program Files\JetBrains\IntelliJ IDEA Educational Edition 2022.2.2\bin;;C:\Users\Lenovo\AppData\Roaming\npm;C:\Program Files\JetBrains\IntelliJ IDEA Community Edition 2023.2\bin;;C:\Users\Lenovo\AppData\Roaming\nvm;C:\Program Files\nodejs;C:\Program Files\JetBrains\PyCharm Community Edition 2023.3.3\bin;;C:\Users\Lenovo\AppData\Local\Google\Cloud SDK\google-cloud-sdk\bin;C:\Users\Lenovo\AppData\Local\Programs\mongosh\;."/>
    <property name="java.vm.info" value="mixed mode, sharing"/>
    <property name="stderr.encoding" value="Cp1252"/>
    <property name="java.vendor" value="Oracle Corporation"/>
    <property name="java.vm.version" value="20.0.2+9-78"/>
    <property name="sun.io.unicode.encoding" value="UnicodeLittle"/>
    <property name="java.class.version" value="64.0"/>
    <property name="LOGGED_APPLICATION_NAME" value="[employeeService] "/>
  </properties>
  <testcase name="contextLoads" classname="com.example.employeeService.EmployeeServiceApplicationTests" time="1.672">
    <system-out><![CDATA[12:03:47.035 [main] INFO org.springframework.test.context.support.AnnotationConfigContextLoaderUtils -- Could not detect default configuration classes for test class [com.example.employeeService.EmployeeServiceApplicationTests]: EmployeeServiceApplicationTests does not declare any static, non-private, non-final, nested classes annotated with @Configuration.
12:03:47.280 [main] INFO org.springframework.boot.test.context.SpringBootTestContextBootstrapper -- Found @SpringBootConfiguration com.example.employeeService.EmployeeServiceApplication for test class com.example.employeeService.EmployeeServiceApplicationTests
12:03:47.593 [main] INFO org.springframework.boot.devtools.restart.RestartApplicationListener -- Restart disabled due to context in which it is running

  .   ____          _            __ _ _
 /\\ / ___'_ __ _ _(_)_ __  __ _ \ \ \ \
( ( )\___ | '_ | '_| | '_ \/ _` | \ \ \ \
 \\/  ___)| |_)| | | | | || (_| |  ) ) ) )
  '  |____| .__|_| |_|_| |_\__, | / / / /
 =========|_|==============|___/=/_/_/_/
 :: Spring Boot ::                (v3.2.5)

2024-12-25T12:03:48.073+05:30  INFO 14420 --- [employeeService] [           main] c.e.e.EmployeeServiceApplicationTests    : Starting EmployeeServiceApplicationTests using Java 20.0.2 with PID 14420 (started by Lenovo in F:\Internship Task\Staff Sync\employeeService)
2024-12-25T12:03:48.075+05:30  INFO 14420 --- [employeeService] [           main] c.e.e.EmployeeServiceApplicationTests    : No active profile set, falling back to 1 default profile: "default"
2024-12-25T12:03:49.383+05:30  INFO 14420 --- [employeeService] [           main] .s.d.r.c.RepositoryConfigurationDelegate : Multiple Spring Data modules found, entering strict repository configuration mode
2024-12-25T12:03:49.385+05:30  INFO 14420 --- [employeeService] [           main] .s.d.r.c.RepositoryConfigurationDelegate : Bootstrapping Spring Data MongoDB repositories in DEFAULT mode.
2024-12-25T12:03:49.418+05:30  INFO 14420 --- [employeeService] [           main] .s.d.r.c.RepositoryConfigurationDelegate : Finished Spring Data repository scanning in 26 ms. Found 0 MongoDB repository interfaces.
2024-12-25T12:03:50.473+05:30  INFO 14420 --- [employeeService] [           main] org.mongodb.driver.client                : MongoClient with metadata {"driver": {"name": "mongo-java-driver|sync", "version": "4.11.2"}, "os": {"type": "Windows", "name": "Windows 10", "architecture": "amd64", "version": "10.0"}, "platform": "Java/Oracle Corporation/20.0.2+9-78"} created with settings MongoClientSettings{readPreference=primary, writeConcern=WriteConcern{w=null, wTimeout=null ms, journal=null}, retryWrites=true, retryReads=true, readConcern=ReadConcern{level=null}, credential=MongoCredential{mechanism=null, userName='Rithik_Suthan_S', source='admin', password=<hidden>, mechanismProperties=<hidden>}, transportSettings=null, streamFactoryFactory=null, commandListeners=[], codecRegistry=ProvidersCodecRegistry{codecProviders=[ValueCodecProvider{}, BsonValueCodecProvider{}, DBRefCodecProvider{}, DBObjectCodecProvider{}, DocumentCodecProvider{}, CollectionCodecProvider{}, IterableCodecProvider{}, MapCodecProvider{}, GeoJsonCodecProvider{}, GridFSFileCodecProvider{}, Jsr310CodecProvider{}, JsonObjectCodecProvider{}, BsonCodecProvider{}, EnumCodecProvider{}, com.mongodb.client.model.mql.ExpressionCodecProvider@68b734a8, com.mongodb.Jep395RecordCodecProvider@1a464fa3, com.mongodb.KotlinCodecProvider@4215e133]}, loggerSettings=LoggerSettings{maxDocumentLength=1000}, clusterSettings={hosts=[127.0.0.1:27017], srvHost=cluster0.nwyrzl2.mongodb.net, srvServiceName=mongodb, mode=MULTIPLE, requiredClusterType=REPLICA_SET, requiredReplicaSetName='atlas-sya9t1-shard-0', serverSelector='null', clusterListeners='[]', serverSelectionTimeout='30000 ms', localThreshold='15 ms'}, socketSettings=SocketSettings{connectTimeoutMS=10000, readTimeoutMS=0, receiveBufferSize=0, proxySettings=ProxySettings{host=null, port=null, username=null, password=null}}, heartbeatSocketSettings=SocketSettings{connectTimeoutMS=10000, readTimeoutMS=10000, receiveBufferSize=0, proxySettings=ProxySettings{host=null, port=null, username=null, password=null}}, connectionPoolSettings=ConnectionPoolSettings{maxSize=100, minSize=0, maxWaitTimeMS=120000, maxConnectionLifeTimeMS=0, maxConnectionIdleTimeMS=0, maintenanceInitialDelayMS=0, maintenanceFrequencyMS=60000, connectionPoolListeners=[], maxConnecting=2}, serverSettings=ServerSettings{heartbeatFrequencyMS=10000, minHeartbeatFrequencyMS=500, serverListeners='[]', serverMonitorListeners='[]'}, sslSettings=SslSettings{enabled=true, invalidHostNameAllowed=false, context=null}, applicationName='null', compressorList=[], uuidRepresentation=UNSPECIFIED, serverApi=null, autoEncryptionSettings=null, dnsClient=null, inetAddressResolver=null, contextProvider=null}
2024-12-25T12:03:50.598+05:30  INFO 14420 --- [employeeService] [zl2.mongodb.net] org.mongodb.driver.cluster               : Adding discovered server ac-dlovyk2-shard-00-02.nwyrzl2.mongodb.net:27017 to client view of cluster
2024-12-25T12:03:50.650+05:30  INFO 14420 --- [employeeService] [zl2.mongodb.net] org.mongodb.driver.cluster               : Adding discovered server ac-dlovyk2-shard-00-01.nwyrzl2.mongodb.net:27017 to client view of cluster
2024-12-25T12:03:50.654+05:30  INFO 14420 --- [employeeService] [zl2.mongodb.net] org.mongodb.driver.cluster               : Adding discovered server ac-dlovyk2-shard-00-00.nwyrzl2.mongodb.net:27017 to client view of cluster
2024-12-25T12:03:52.056+05:30  INFO 14420 --- [employeeService] [           main] org.mongodb.driver.client                : MongoClient with metadata {"driver": {"name": "mongo-java-driver|sync|spring-boot", "version": "4.11.2"}, "os": {"type": "Windows", "name": "Windows 10", "architecture": "amd64", "version": "10.0"}, "platform": "Java/Oracle Corporation/20.0.2+9-78"} created with settings MongoClientSettings{readPreference=primary, writeConcern=WriteConcern{w=null, wTimeout=null ms, journal=null}, retryWrites=true, retryReads=true, readConcern=ReadConcern{level=null}, credential=MongoCredential{mechanism=null, userName='Rithik_Suthan_S', source='admin', password=<hidden>, mechanismProperties=<hidden>}, transportSettings=null, streamFactoryFactory=null, commandListeners=[], codecRegistry=ProvidersCodecRegistry{codecProviders=[ValueCodecProvider{}, BsonValueCodecProvider{}, DBRefCodecProvider{}, DBObjectCodecProvider{}, DocumentCodecProvider{}, CollectionCodecProvider{}, IterableCodecProvider{}, MapCodecProvider{}, GeoJsonCodecProvider{}, GridFSFileCodecProvider{}, Jsr310CodecProvider{}, JsonObjectCodecProvider{}, BsonCodecProvider{}, EnumCodecProvider{}, com.mongodb.client.model.mql.ExpressionCodecProvider@68b734a8, com.mongodb.Jep395RecordCodecProvider@1a464fa3, com.mongodb.KotlinCodecProvider@4215e133]}, loggerSettings=LoggerSettings{maxDocumentLength=1000}, clusterSettings={hosts=[127.0.0.1:27017], srvHost=cluster0.nwyrzl2.mongodb.net, srvServiceName=mongodb, mode=MULTIPLE, requiredClusterType=REPLICA_SET, requiredReplicaSetName='atlas-sya9t1-shard-0', serverSelector='null', clusterListeners='[]', serverSelectionTimeout='30000 ms', localThreshold='15 ms'}, socketSettings=SocketSettings{connectTimeoutMS=10000, readTimeoutMS=0, receiveBufferSize=0, proxySettings=ProxySettings{host=null, port=null, username=null, password=null}}, heartbeatSocketSettings=SocketSettings{connectTimeoutMS=10000, readTimeoutMS=10000, receiveBufferSize=0, proxySettings=ProxySettings{host=null, port=null, username=null, password=null}}, connectionPoolSettings=ConnectionPoolSettings{maxSize=100, minSize=0, maxWaitTimeMS=120000, maxConnectionLifeTimeMS=0, maxConnectionIdleTimeMS=0, maintenanceInitialDelayMS=0, maintenanceFrequencyMS=60000, connectionPoolListeners=[], maxConnecting=2}, serverSettings=ServerSettings{heartbeatFrequencyMS=10000, minHeartbeatFrequencyMS=500, serverListeners='[]', serverMonitorListeners='[]'}, sslSettings=SslSettings{enabled=true, invalidHostNameAllowed=false, context=null}, applicationName='null', compressorList=[], uuidRepresentation=JAVA_LEGACY, serverApi=null, autoEncryptionSettings=null, dnsClient=null, inetAddressResolver=null, contextProvider=null}
2024-12-25T12:03:52.311+05:30  INFO 14420 --- [employeeService] [           main] c.e.e.EmployeeServiceApplicationTests    : Started EmployeeServiceApplicationTests in 4.747 seconds (process running for 6.598)
2024-12-25T12:03:52.326+05:30  INFO 14420 --- [employeeService] [zl2.mongodb.net] org.mongodb.driver.cluster               : Adding discovered server ac-dlovyk2-shard-00-02.nwyrzl2.mongodb.net:27017 to client view of cluster
2024-12-25T12:03:52.329+05:30  INFO 14420 --- [employeeService] [zl2.mongodb.net] org.mongodb.driver.cluster               : Adding discovered server ac-dlovyk2-shard-00-01.nwyrzl2.mongodb.net:27017 to client view of cluster
2024-12-25T12:03:52.331+05:30  INFO 14420 --- [employeeService] [zl2.mongodb.net] org.mongodb.driver.cluster               : Adding discovered server ac-dlovyk2-shard-00-00.nwyrzl2.mongodb.net:27017 to client view of cluster
2024-12-25T12:03:53.059+05:30  INFO 14420 --- [employeeService] [ngodb.net:27017] org.mongodb.driver.cluster               : Monitor thread successfully connected to server with description ServerDescription{address=ac-dlovyk2-shard-00-01.nwyrzl2.mongodb.net:27017, type=REPLICA_SET_PRIMARY, state=CONNECTED, ok=true, minWireVersion=0, maxWireVersion=25, maxDocumentSize=16777216, logicalSessionTimeoutMinutes=30, roundTripTimeNanos=1376803500, setName='atlas-sya9t1-shard-0', canonicalAddress=ac-dlovyk2-shard-00-01.nwyrzl2.mongodb.net:27017, hosts=[ac-dlovyk2-shard-00-00.nwyrzl2.mongodb.net:27017, ac-dlovyk2-shard-00-02.nwyrzl2.mongodb.net:27017, ac-dlovyk2-shard-00-01.nwyrzl2.mongodb.net:27017], passives=[], arbiters=[], primary='ac-dlovyk2-shard-00-01.nwyrzl2.mongodb.net:27017', tagSet=TagSet{[Tag{name='availabilityZone', value='use1-az1'}, Tag{name='diskState', value='READY'}, Tag{name='nodeType', value='ELECTABLE'}, Tag{name='provider', value='AWS'}, Tag{name='region', value='US_EAST_1'}, Tag{name='workloadType', value='OPERATIONAL'}]}, electionId=7fffffff00000000000003bf, setVersion=159, topologyVersion=TopologyVersion{processId=67589f292d9a55db40d73e70, counter=6}, lastWriteDate=Wed Dec 25 12:03:53 IST 2024, lastUpdateTimeNanos=5663164992900}
2024-12-25T12:03:53.065+05:30  INFO 14420 --- [employeeService] [ngodb.net:27017] org.mongodb.driver.cluster               : Monitor thread successfully connected to server with description ServerDescription{address=ac-dlovyk2-shard-00-02.nwyrzl2.mongodb.net:27017, type=REPLICA_SET_SECONDARY, state=CONNECTED, ok=true, minWireVersion=0, maxWireVersion=25, maxDocumentSize=16777216, logicalSessionTimeoutMinutes=30, roundTripTimeNanos=1385647600, setName='atlas-sya9t1-shard-0', canonicalAddress=ac-dlovyk2-shard-00-02.nwyrzl2.mongodb.net:27017, hosts=[ac-dlovyk2-shard-00-00.nwyrzl2.mongodb.net:27017, ac-dlovyk2-shard-00-02.nwyrzl2.mongodb.net:27017, ac-dlovyk2-shard-00-01.nwyrzl2.mongodb.net:27017], passives=[], arbiters=[], primary='ac-dlovyk2-shard-00-01.nwyrzl2.mongodb.net:27017', tagSet=TagSet{[Tag{name='availabilityZone', value='use1-az2'}, Tag{name='diskState', value='READY'}, Tag{name='nodeType', value='ELECTABLE'}, Tag{name='provider', value='AWS'}, Tag{name='region', value='US_EAST_1'}, Tag{name='workloadType', value='OPERATIONAL'}]}, electionId=null, setVersion=159, topologyVersion=TopologyVersion{processId=67589f744aad63ca960a9213, counter=3}, lastWriteDate=Wed Dec 25 12:03:53 IST 2024, lastUpdateTimeNanos=5663173816700}
2024-12-25T12:03:53.067+05:30  INFO 14420 --- [employeeService] [ngodb.net:27017] org.mongodb.driver.cluster               : Discovered replica set primary ac-dlovyk2-shard-00-01.nwyrzl2.mongodb.net:27017 with max election id 7fffffff00000000000003bf and max set version 159
2024-12-25T12:03:53.105+05:30  INFO 14420 --- [employeeService] [ngodb.net:27017] org.mongodb.driver.cluster               : Monitor thread successfully connected to server with description ServerDescription{address=ac-dlovyk2-shard-00-00.nwyrzl2.mongodb.net:27017, type=REPLICA_SET_SECONDARY, state=CONNECTED, ok=true, minWireVersion=0, maxWireVersion=25, maxDocumentSize=16777216, logicalSessionTimeoutMinutes=30, roundTripTimeNanos=1425834000, setName='atlas-sya9t1-shard-0', canonicalAddress=ac-dlovyk2-shard-00-00.nwyrzl2.mongodb.net:27017, hosts=[ac-dlovyk2-shard-00-00.nwyrzl2.mongodb.net:27017, ac-dlovyk2-shard-00-02.nwyrzl2.mongodb.net:27017, ac-dlovyk2-shard-00-01.nwyrzl2.mongodb.net:27017], passives=[], arbiters=[], primary='ac-dlovyk2-shard-00-01.nwyrzl2.mongodb.net:27017', tagSet=TagSet{[Tag{name='availabilityZone', value='use1-az6'}, Tag{name='diskState', value='READY'}, Tag{name='nodeType', value='ELECTABLE'}, Tag{name='provider', value='AWS'}, Tag{name='region', value='US_EAST_1'}, Tag{name='workloadType', value='OPERATIONAL'}]}, electionId=null, setVersion=159, topologyVersion=TopologyVersion{processId=67589edf1233480bd9ba79df, counter=4}, lastWriteDate=Wed Dec 25 12:03:53 IST 2024, lastUpdateTimeNanos=5663213842700}
2024-12-25T12:03:53.205+05:30  INFO 14420 --- [employeeService] [ngodb.net:27017] org.mongodb.driver.cluster               : Monitor thread successfully connected to server with description ServerDescription{address=ac-dlovyk2-shard-00-01.nwyrzl2.mongodb.net:27017, type=REPLICA_SET_PRIMARY, state=CONNECTED, ok=true, minWireVersion=0, maxWireVersion=25, maxDocumentSize=16777216, logicalSessionTimeoutMinutes=30, roundTripTimeNanos=587643200, setName='atlas-sya9t1-shard-0', canonicalAddress=ac-dlovyk2-shard-00-01.nwyrzl2.mongodb.net:27017, hosts=[ac-dlovyk2-shard-00-00.nwyrzl2.mongodb.net:27017, ac-dlovyk2-shard-00-02.nwyrzl2.mongodb.net:27017, ac-dlovyk2-shard-00-01.nwyrzl2.mongodb.net:27017], passives=[], arbiters=[], primary='ac-dlovyk2-shard-00-01.nwyrzl2.mongodb.net:27017', tagSet=TagSet{[Tag{name='availabilityZone', value='use1-az1'}, Tag{name='diskState', value='READY'}, Tag{name='nodeType', value='ELECTABLE'}, Tag{name='provider', value='AWS'}, Tag{name='region', value='US_EAST_1'}, Tag{name='workloadType', value='OPERATIONAL'}]}, electionId=7fffffff00000000000003bf, setVersion=159, topologyVersion=TopologyVersion{processId=67589f292d9a55db40d73e70, counter=6}, lastWriteDate=Wed Dec 25 12:03:54 IST 2024, lastUpdateTimeNanos=5663314337900}
2024-12-25T12:03:53.206+05:30  INFO 14420 --- [employeeService] [ngodb.net:27017] org.mongodb.driver.cluster               : Discovered replica set primary ac-dlovyk2-shard-00-01.nwyrzl2.mongodb.net:27017 with max election id 7fffffff00000000000003bf and max set version 159
2024-12-25T12:03:53.208+05:30  INFO 14420 --- [employeeService] [ngodb.net:27017] org.mongodb.driver.cluster               : Monitor thread successfully connected to server with description ServerDescription{address=ac-dlovyk2-shard-00-02.nwyrzl2.mongodb.net:27017, type=REPLICA_SET_SECONDARY, state=CONNECTED, ok=true, minWireVersion=0, maxWireVersion=25, maxDocumentSize=16777216, logicalSessionTimeoutMinutes=30, roundTripTimeNanos=584300000, setName='atlas-sya9t1-shard-0', canonicalAddress=ac-dlovyk2-shard-00-02.nwyrzl2.mongodb.net:27017, hosts=[ac-dlovyk2-shard-00-00.nwyrzl2.mongodb.net:27017, ac-dlovyk2-shard-00-02.nwyrzl2.mongodb.net:27017, ac-dlovyk2-shard-00-01.nwyrzl2.mongodb.net:27017], passives=[], arbiters=[], primary='ac-dlovyk2-shard-00-01.nwyrzl2.mongodb.net:27017', tagSet=TagSet{[Tag{name='availabilityZone', value='use1-az2'}, Tag{name='diskState', value='READY'}, Tag{name='nodeType', value='ELECTABLE'}, Tag{name='provider', value='AWS'}, Tag{name='region', value='US_EAST_1'}, Tag{name='workloadType', value='OPERATIONAL'}]}, electionId=null, setVersion=159, topologyVersion=TopologyVersion{processId=67589f744aad63ca960a9213, counter=3}, lastWriteDate=Wed Dec 25 12:03:54 IST 2024, lastUpdateTimeNanos=5663317133100}
2024-12-25T12:03:53.244+05:30  INFO 14420 --- [employeeService] [ngodb.net:27017] org.mongodb.driver.cluster               : Monitor thread successfully connected to server with description ServerDescription{address=ac-dlovyk2-shard-00-00.nwyrzl2.mongodb.net:27017, type=REPLICA_SET_SECONDARY, state=CONNECTED, ok=true, minWireVersion=0, maxWireVersion=25, maxDocumentSize=16777216, logicalSessionTimeoutMinutes=30, roundTripTimeNanos=593885000, setName='atlas-sya9t1-shard-0', canonicalAddress=ac-dlovyk2-shard-00-00.nwyrzl2.mongodb.net:27017, hosts=[ac-dlovyk2-shard-00-00.nwyrzl2.mongodb.net:27017, ac-dlovyk2-shard-00-02.nwyrzl2.mongodb.net:27017, ac-dlovyk2-shard-00-01.nwyrzl2.mongodb.net:27017], passives=[], arbiters=[], primary='ac-dlovyk2-shard-00-01.nwyrzl2.mongodb.net:27017', tagSet=TagSet{[Tag{name='availabilityZone', value='use1-az6'}, Tag{name='diskState', value='READY'}, Tag{name='nodeType', value='ELECTABLE'}, Tag{name='provider', value='AWS'}, Tag{name='region', value='US_EAST_1'}, Tag{name='workloadType', value='OPERATIONAL'}]}, electionId=null, setVersion=159, topologyVersion=TopologyVersion{processId=67589edf1233480bd9ba79df, counter=4}, lastWriteDate=Wed Dec 25 12:03:54 IST 2024, lastUpdateTimeNanos=5663353248300}
]]></system-out>
  </testcase>
</testsuite>